=> Booting Puma
=> Rails 5.2.6 application starting in development 
=> Run `rails server -h` for more startup options
Puma starting in single mode...
* Version 3.12.6 (ruby 2.6.3-p62), codename: Llamas in Pajamas
* Min threads: 5, max threads: 5
* Environment: development
* Listening on tcp://0.0.0.0:8080
Use Ctrl-C to stop
- Gracefully stopping, waiting for requests to finish
=== puma shutdown: 2022-02-10 09:47:15 +0000 ===
- Goodbye!
Exiting
=> Booting Puma
=> Rails 5.2.6 application starting in development 
=> Run `rails server -h` for more startup options
Puma starting in single mode...
* Version 3.12.6 (ruby 2.6.3-p62), codename: Llamas in Pajamas
* Min threads: 5, max threads: 5
* Environment: development
* Listening on tcp://0.0.0.0:8080
Use Ctrl-C to stop
Started GET "/profile" for 213.18.72.47 at 2022-02-10 09:47:22 +0000
Cannot render console from 213.18.72.47! Allowed networks: 127.0.0.1, ::1, 127.0.0.0/127.255.255.255
  [1m[35m (0.2ms)[0m  [1m[34mSELECT "schema_migrations"."version" FROM "schema_migrations" ORDER BY "schema_migrations"."version" ASC[0m
  ↳ /home/ec2-user/.rvm/gems/ruby-2.6.3/gems/activerecord-5.2.6/lib/active_record/log_subscriber.rb:98
Processing by HomesController#profile as HTML
  [1m[36mUser Load (0.2ms)[0m  [1m[34mSELECT  "users".* FROM "users" WHERE "users"."id" = ? ORDER BY "users"."id" ASC LIMIT ?[0m  [["id", 1], ["LIMIT", 1]]
  ↳ /home/ec2-user/.rvm/gems/ruby-2.6.3/gems/activerecord-5.2.6/lib/active_record/log_subscriber.rb:98
  [1m[35m (0.2ms)[0m  [1m[34mSELECT SUM("pays"."price") FROM "pays" WHERE "pays"."user_id" = ?[0m  [["user_id", 1]]
  ↳ app/controllers/homes_controller.rb:10
  [1m[35m (0.2ms)[0m  [1m[34mSELECT SUM("pays"."price") AS sum_price, "pays"."category_id" AS pays_category_id FROM "pays" WHERE "pays"."user_id" = ? AND "pays"."date" BETWEEN ? AND ? GROUP BY "pays"."category_id"[0m  [["user_id", 1], ["date", "2022-02-01"], ["date", "2022-02-28"]]
  ↳ app/controllers/homes_controller.rb:12
  [1m[36mCategory Load (0.1ms)[0m  [1m[34mSELECT  "categories".* FROM "categories" WHERE "categories"."id" = ? LIMIT ?[0m  [["id", 81], ["LIMIT", 1]]
  ↳ app/controllers/homes_controller.rb:16
  [1m[36mCategory Load (0.1ms)[0m  [1m[34mSELECT  "categories".* FROM "categories" WHERE "categories"."id" = ? LIMIT ?[0m  [["id", 18], ["LIMIT", 1]]
  ↳ app/controllers/homes_controller.rb:16
  [1m[36mCategory Load (0.1ms)[0m  [1m[34mSELECT  "categories".* FROM "categories" WHERE "categories"."id" = ? LIMIT ?[0m  [["id", 53], ["LIMIT", 1]]
  ↳ app/controllers/homes_controller.rb:16
  [1m[36mCategory Load (0.1ms)[0m  [1m[34mSELECT  "categories".* FROM "categories" WHERE "categories"."id" = ? LIMIT ?[0m  [["id", 74], ["LIMIT", 1]]
  ↳ app/controllers/homes_controller.rb:16
  [1m[36mCategory Load (0.1ms)[0m  [1m[34mSELECT  "categories".* FROM "categories" WHERE "categories"."id" = ? LIMIT ?[0m  [["id", 44], ["LIMIT", 1]]
  ↳ app/controllers/homes_controller.rb:16
  [1m[36mCategory Load (0.1ms)[0m  [1m[34mSELECT  "categories".* FROM "categories" WHERE "categories"."id" = ? LIMIT ?[0m  [["id", 90], ["LIMIT", 1]]
  ↳ app/controllers/homes_controller.rb:16
  [1m[36mCategory Load (2.6ms)[0m  [1m[34mSELECT  "categories".* FROM "categories" WHERE "categories"."id" = ? LIMIT ?[0m  [["id", 72], ["LIMIT", 1]]
  ↳ app/controllers/homes_controller.rb:16
  [1m[36mCategory Load (0.1ms)[0m  [1m[34mSELECT  "categories".* FROM "categories" WHERE "categories"."id" = ? LIMIT ?[0m  [["id", 54], ["LIMIT", 1]]
  ↳ app/controllers/homes_controller.rb:16
  [1m[36mCategory Load (0.1ms)[0m  [1m[34mSELECT  "categories".* FROM "categories" WHERE "categories"."id" = ? LIMIT ?[0m  [["id", 47], ["LIMIT", 1]]
  ↳ app/controllers/homes_controller.rb:16
  [1m[36mCategory Load (0.1ms)[0m  [1m[34mSELECT  "categories".* FROM "categories" WHERE "categories"."id" = ? LIMIT ?[0m  [["id", 71], ["LIMIT", 1]]
  ↳ app/controllers/homes_controller.rb:16
  [1m[36mCategory Load (0.1ms)[0m  [1m[34mSELECT  "categories".* FROM "categories" WHERE "categories"."id" = ? LIMIT ?[0m  [["id", 25], ["LIMIT", 1]]
  ↳ app/controllers/homes_controller.rb:16
  [1m[36mCategory Load (0.9ms)[0m  [1m[34mSELECT  "categories".* FROM "categories" WHERE "categories"."id" = ? LIMIT ?[0m  [["id", 70], ["LIMIT", 1]]
  ↳ app/controllers/homes_controller.rb:16
  [1m[36mCategory Load (0.1ms)[0m  [1m[34mSELECT  "categories".* FROM "categories" WHERE "categories"."id" = ? LIMIT ?[0m  [["id", 39], ["LIMIT", 1]]
  ↳ app/controllers/homes_controller.rb:16
  [1m[36mCategory Load (0.1ms)[0m  [1m[34mSELECT  "categories".* FROM "categories" WHERE "categories"."id" = ? LIMIT ?[0m  [["id", 27], ["LIMIT", 1]]
  ↳ app/controllers/homes_controller.rb:16
  [1m[36mCategory Load (0.1ms)[0m  [1m[34mSELECT  "categories".* FROM "categories" WHERE "categories"."id" = ? LIMIT ?[0m  [["id", 32], ["LIMIT", 1]]
  ↳ app/controllers/homes_controller.rb:16
  [1m[36mCategory Load (0.1ms)[0m  [1m[34mSELECT  "categories".* FROM "categories" WHERE "categories"."id" = ? LIMIT ?[0m  [["id", 34], ["LIMIT", 1]]
  ↳ app/controllers/homes_controller.rb:16
  [1m[36mCategory Load (0.8ms)[0m  [1m[34mSELECT  "categories".* FROM "categories" WHERE "categories"."id" = ? LIMIT ?[0m  [["id", 23], ["LIMIT", 1]]
  ↳ app/controllers/homes_controller.rb:16
  [1m[35m (0.2ms)[0m  [1m[34mSELECT SUM("pays"."price") FROM "pays" WHERE "pays"."user_id" = ? AND "pays"."date" BETWEEN ? AND ?[0m  [["user_id", 1], ["date", "2022-02-01"], ["date", "2022-02-28"]]
  ↳ app/controllers/homes_controller.rb:20
  [1m[35m (0.1ms)[0m  [1m[34mSELECT SUM("budgets"."price") FROM "budgets" WHERE "budgets"."user_id" = ?[0m  [["user_id", 1]]
  ↳ app/controllers/homes_controller.rb:24
  [1m[35m (0.1ms)[0m  [1m[34mSELECT SUM("incomes"."price") FROM "incomes" WHERE "incomes"."user_id" = ?[0m  [["user_id", 1]]
  ↳ app/controllers/homes_controller.rb:36
  [1m[35m (0.1ms)[0m  [1m[34mSELECT SUM("incomes"."price") FROM "incomes" WHERE "incomes"."user_id" = ? AND "incomes"."date" BETWEEN ? AND ?[0m  [["user_id", 1], ["date", "2022-02-01"], ["date", "2022-02-28"]]
  ↳ app/controllers/homes_controller.rb:38
  [1m[36mDeposit Load (0.1ms)[0m  [1m[34mSELECT  "deposits".* FROM "deposits" WHERE "deposits"."user_id" = ? LIMIT ?[0m  [["user_id", 1], ["LIMIT", 1]]
  ↳ app/controllers/homes_controller.rb:41
  Rendering homes/profile.html.erb within layouts/application
  [1m[36mBudget Exists (0.2ms)[0m  [1m[34mSELECT  1 AS one FROM "budgets" WHERE "budgets"."user_id" = ? LIMIT ?[0m  [["user_id", 1], ["LIMIT", 1]]
  ↳ app/views/homes/profile.html.erb:24
  [1m[36mCACHE Budget Exists (0.0ms)[0m  [1m[34mSELECT  1 AS one FROM "budgets" WHERE "budgets"."user_id" = ? LIMIT ?[0m  [["user_id", 1], ["LIMIT", 1]]
  ↳ app/views/homes/profile.html.erb:63
  Rendered homes/profile.html.erb within layouts/application (255.4ms)
  Rendered layouts/_header.html.erb (0.9ms)
  Rendered layouts/_button.html.erb (3.8ms)
  Rendered layouts/_footer.html.erb (0.7ms)
Completed 200 OK in 1052ms (Views: 899.3ms | ActiveRecord: 9.6ms)


- Gracefully stopping, waiting for requests to finish
=== puma shutdown: 2022-02-10 09:47:31 +0000 ===
- Goodbye!
Exiting
=> Booting Puma
=> Rails 5.2.6 application starting in development 
=> Run `rails server -h` for more startup options
Puma starting in single mode...
* Version 3.12.6 (ruby 2.6.3-p62), codename: Llamas in Pajamas
* Min threads: 5, max threads: 5
* Environment: development
* Listening on tcp://0.0.0.0:8080
Use Ctrl-C to stop
Started GET "/profile" for 213.18.72.47 at 2022-02-10 09:47:52 +0000
Cannot render console from 213.18.72.47! Allowed networks: 127.0.0.1, ::1, 127.0.0.0/127.255.255.255
  [1m[35m (0.1ms)[0m  [1m[34mSELECT "schema_migrations"."version" FROM "schema_migrations" ORDER BY "schema_migrations"."version" ASC[0m
  ↳ /home/ec2-user/.rvm/gems/ruby-2.6.3/gems/activerecord-5.2.6/lib/active_record/log_subscriber.rb:98
Processing by HomesController#profile as HTML
  [1m[36mUser Load (0.2ms)[0m  [1m[34mSELECT  "users".* FROM "users" WHERE "users"."id" = ? ORDER BY "users"."id" ASC LIMIT ?[0m  [["id", 1], ["LIMIT", 1]]
  ↳ /home/ec2-user/.rvm/gems/ruby-2.6.3/gems/activerecord-5.2.6/lib/active_record/log_subscriber.rb:98
  [1m[35m (0.1ms)[0m  [1m[34mSELECT SUM("pays"."price") FROM "pays" WHERE "pays"."user_id" = ?[0m  [["user_id", 1]]
  ↳ app/controllers/homes_controller.rb:10
  [1m[35m (0.2ms)[0m  [1m[34mSELECT SUM("pays"."price") AS sum_price, "pays"."category_id" AS pays_category_id FROM "pays" WHERE "pays"."user_id" = ? AND "pays"."date" BETWEEN ? AND ? GROUP BY "pays"."category_id"[0m  [["user_id", 1], ["date", "2022-02-01"], ["date", "2022-02-28"]]
  ↳ app/controllers/homes_controller.rb:12
  [1m[36mCategory Load (0.1ms)[0m  [1m[34mSELECT  "categories".* FROM "categories" WHERE "categories"."id" = ? LIMIT ?[0m  [["id", 81], ["LIMIT", 1]]
  ↳ app/controllers/homes_controller.rb:16
  [1m[36mCategory Load (0.1ms)[0m  [1m[34mSELECT  "categories".* FROM "categories" WHERE "categories"."id" = ? LIMIT ?[0m  [["id", 18], ["LIMIT", 1]]
  ↳ app/controllers/homes_controller.rb:16
  [1m[36mCategory Load (0.1ms)[0m  [1m[34mSELECT  "categories".* FROM "categories" WHERE "categories"."id" = ? LIMIT ?[0m  [["id", 53], ["LIMIT", 1]]
  ↳ app/controllers/homes_controller.rb:16
  [1m[36mCategory Load (0.1ms)[0m  [1m[34mSELECT  "categories".* FROM "categories" WHERE "categories"."id" = ? LIMIT ?[0m  [["id", 74], ["LIMIT", 1]]
  ↳ app/controllers/homes_controller.rb:16
  [1m[36mCategory Load (0.1ms)[0m  [1m[34mSELECT  "categories".* FROM "categories" WHERE "categories"."id" = ? LIMIT ?[0m  [["id", 44], ["LIMIT", 1]]
  ↳ app/controllers/homes_controller.rb:16
  [1m[36mCategory Load (0.1ms)[0m  [1m[34mSELECT  "categories".* FROM "categories" WHERE "categories"."id" = ? LIMIT ?[0m  [["id", 90], ["LIMIT", 1]]
  ↳ app/controllers/homes_controller.rb:16
  [1m[36mCategory Load (0.1ms)[0m  [1m[34mSELECT  "categories".* FROM "categories" WHERE "categories"."id" = ? LIMIT ?[0m  [["id", 72], ["LIMIT", 1]]
  ↳ app/controllers/homes_controller.rb:16
  [1m[36mCategory Load (1.1ms)[0m  [1m[34mSELECT  "categories".* FROM "categories" WHERE "categories"."id" = ? LIMIT ?[0m  [["id", 54], ["LIMIT", 1]]
  ↳ app/controllers/homes_controller.rb:16
  [1m[36mCategory Load (0.1ms)[0m  [1m[34mSELECT  "categories".* FROM "categories" WHERE "categories"."id" = ? LIMIT ?[0m  [["id", 47], ["LIMIT", 1]]
  ↳ app/controllers/homes_controller.rb:16
  [1m[36mCategory Load (0.1ms)[0m  [1m[34mSELECT  "categories".* FROM "categories" WHERE "categories"."id" = ? LIMIT ?[0m  [["id", 71], ["LIMIT", 1]]
  ↳ app/controllers/homes_controller.rb:16
  [1m[36mCategory Load (0.1ms)[0m  [1m[34mSELECT  "categories".* FROM "categories" WHERE "categories"."id" = ? LIMIT ?[0m  [["id", 25], ["LIMIT", 1]]
  ↳ app/controllers/homes_controller.rb:16
  [1m[36mCategory Load (0.1ms)[0m  [1m[34mSELECT  "categories".* FROM "categories" WHERE "categories"."id" = ? LIMIT ?[0m  [["id", 70], ["LIMIT", 1]]
  ↳ app/controllers/homes_controller.rb:16
  [1m[36mCategory Load (0.1ms)[0m  [1m[34mSELECT  "categories".* FROM "categories" WHERE "categories"."id" = ? LIMIT ?[0m  [["id", 39], ["LIMIT", 1]]
  ↳ app/controllers/homes_controller.rb:16
  [1m[36mCategory Load (0.1ms)[0m  [1m[34mSELECT  "categories".* FROM "categories" WHERE "categories"."id" = ? LIMIT ?[0m  [["id", 27], ["LIMIT", 1]]
  ↳ app/controllers/homes_controller.rb:16
  [1m[36mCategory Load (0.1ms)[0m  [1m[34mSELECT  "categories".* FROM "categories" WHERE "categories"."id" = ? LIMIT ?[0m  [["id", 32], ["LIMIT", 1]]
  ↳ app/controllers/homes_controller.rb:16
  [1m[36mCategory Load (0.1ms)[0m  [1m[34mSELECT  "categories".* FROM "categories" WHERE "categories"."id" = ? LIMIT ?[0m  [["id", 34], ["LIMIT", 1]]
  ↳ app/controllers/homes_controller.rb:16
  [1m[36mCategory Load (0.1ms)[0m  [1m[34mSELECT  "categories".* FROM "categories" WHERE "categories"."id" = ? LIMIT ?[0m  [["id", 23], ["LIMIT", 1]]
  ↳ app/controllers/homes_controller.rb:16
  [1m[35m (0.2ms)[0m  [1m[34mSELECT SUM("pays"."price") FROM "pays" WHERE "pays"."user_id" = ? AND "pays"."date" BETWEEN ? AND ?[0m  [["user_id", 1], ["date", "2022-02-01"], ["date", "2022-02-28"]]
  ↳ app/controllers/homes_controller.rb:20
  [1m[35m (0.1ms)[0m  [1m[34mSELECT SUM("budgets"."price") FROM "budgets" WHERE "budgets"."user_id" = ?[0m  [["user_id", 1]]
  ↳ app/controllers/homes_controller.rb:24
  [1m[35m (0.1ms)[0m  [1m[34mSELECT SUM("incomes"."price") FROM "incomes" WHERE "incomes"."user_id" = ?[0m  [["user_id", 1]]
  ↳ app/controllers/homes_controller.rb:36
  [1m[35m (0.1ms)[0m  [1m[34mSELECT SUM("incomes"."price") FROM "incomes" WHERE "incomes"."user_id" = ? AND "incomes"."date" BETWEEN ? AND ?[0m  [["user_id", 1], ["date", "2022-02-01"], ["date", "2022-02-28"]]
  ↳ app/controllers/homes_controller.rb:38
  [1m[36mDeposit Load (0.1ms)[0m  [1m[34mSELECT  "deposits".* FROM "deposits" WHERE "deposits"."user_id" = ? LIMIT ?[0m  [["user_id", 1], ["LIMIT", 1]]
  ↳ app/controllers/homes_controller.rb:41
  Rendering homes/profile.html.erb within layouts/application
  [1m[36mBudget Exists (0.2ms)[0m  [1m[34mSELECT  1 AS one FROM "budgets" WHERE "budgets"."user_id" = ? LIMIT ?[0m  [["user_id", 1], ["LIMIT", 1]]
  ↳ app/views/homes/profile.html.erb:24
  [1m[36mCACHE Budget Exists (0.0ms)[0m  [1m[34mSELECT  1 AS one FROM "budgets" WHERE "budgets"."user_id" = ? LIMIT ?[0m  [["user_id", 1], ["LIMIT", 1]]
  ↳ app/views/homes/profile.html.erb:63
  Rendered homes/profile.html.erb within layouts/application (261.8ms)
  Rendered layouts/_header.html.erb (0.9ms)
  Rendered layouts/_button.html.erb (3.0ms)
  Rendered layouts/_footer.html.erb (0.7ms)
Completed 200 OK in 967ms (Views: 793.0ms | ActiveRecord: 6.2ms)


Started GET "/pays" for 213.18.72.47 at 2022-02-10 09:48:45 +0000
Cannot render console from 213.18.72.47! Allowed networks: 127.0.0.1, ::1, 127.0.0.0/127.255.255.255
Processing by PaysController#index as HTML
  [1m[36mUser Load (2.6ms)[0m  [1m[34mSELECT  "users".* FROM "users" WHERE "users"."id" = ? ORDER BY "users"."id" ASC LIMIT ?[0m  [["id", 1], ["LIMIT", 1]]
  ↳ /home/ec2-user/.rvm/gems/ruby-2.6.3/gems/activerecord-5.2.6/lib/active_record/log_subscriber.rb:98
  [1m[35m (0.1ms)[0m  [1m[34mSELECT SUM("pays"."price") FROM "pays" WHERE "pays"."user_id" = ?[0m  [["user_id", 1]]
  ↳ app/controllers/pays_controller.rb:6
  [1m[35m (0.1ms)[0m  [1m[34mSELECT SUM("pays"."price") FROM "pays" WHERE "pays"."user_id" = ? AND "pays"."date" BETWEEN ? AND ?[0m  [["user_id", 1], ["date", "2022-02-01"], ["date", "2022-02-28"]]
  ↳ app/controllers/pays_controller.rb:8
  [1m[35m (0.1ms)[0m  [1m[34mSELECT SUM("incomes"."price") FROM "incomes" WHERE "incomes"."user_id" = ?[0m  [["user_id", 1]]
  ↳ app/controllers/pays_controller.rb:11
  [1m[35m (0.1ms)[0m  [1m[34mSELECT SUM("incomes"."price") FROM "incomes" WHERE "incomes"."user_id" = ? AND "incomes"."date" BETWEEN ? AND ?[0m  [["user_id", 1], ["date", "2022-02-01"], ["date", "2022-02-28"]]
  ↳ app/controllers/pays_controller.rb:13
  [1m[36mDeposit Load (0.1ms)[0m  [1m[34mSELECT  "deposits".* FROM "deposits" WHERE "deposits"."user_id" = ? LIMIT ?[0m  [["user_id", 1], ["LIMIT", 1]]
  ↳ app/controllers/pays_controller.rb:15
  [1m[36mPay Load (0.3ms)[0m  [1m[34mSELECT "pays".* FROM "pays" WHERE "pays"."user_id" = ? ORDER BY "pays"."date" ASC[0m  [["user_id", 1]]
  ↳ app/controllers/pays_controller.rb:24
  [1m[36mIncome Load (0.2ms)[0m  [1m[34mSELECT "incomes".* FROM "incomes" WHERE "incomes"."user_id" = ? ORDER BY "incomes"."date" ASC[0m  [["user_id", 1]]
  ↳ app/controllers/pays_controller.rb:24
  [1m[36mPay Load (0.4ms)[0m  [1m[34mSELECT "pays".* FROM "pays" WHERE "pays"."user_id" = ? AND "pays"."date" BETWEEN ? AND ? ORDER BY "pays"."date" ASC[0m  [["user_id", 1], ["date", "2022-02-01"], ["date", "2022-02-28"]]
  ↳ app/controllers/pays_controller.rb:25
  [1m[36mIncome Load (0.2ms)[0m  [1m[34mSELECT "incomes".* FROM "incomes" WHERE "incomes"."user_id" = ? AND "incomes"."date" BETWEEN ? AND ? ORDER BY "incomes"."date" ASC[0m  [["user_id", 1], ["date", "2022-02-01"], ["date", "2022-02-28"]]
  ↳ app/controllers/pays_controller.rb:25
  Rendering pays/index.html.erb within layouts/application
  Rendered simple_calendar/_month_calendar.html.erb (47.0ms)
  [1m[36mCategory Load (4.7ms)[0m  [1m[34mSELECT  "categories".* FROM "categories" WHERE "categories"."id" = ? LIMIT ?[0m  [["id", 18], ["LIMIT", 1]]
  ↳ app/views/pays/index.html.erb:97
  [1m[36mFamily Load (0.2ms)[0m  [1m[34mSELECT  "families".* FROM "families" WHERE "families"."id" = ? LIMIT ?[0m  [["id", 3], ["LIMIT", 1]]
  ↳ app/views/pays/index.html.erb:99
  [1m[36mCACHE Category Load (0.0ms)[0m  [1m[34mSELECT  "categories".* FROM "categories" WHERE "categories"."id" = ? LIMIT ?[0m  [["id", 18], ["LIMIT", 1]]
  ↳ app/views/pays/index.html.erb:97
  [1m[36mFamily Load (0.1ms)[0m  [1m[34mSELECT  "families".* FROM "families" WHERE "families"."id" = ? LIMIT ?[0m  [["id", 1], ["LIMIT", 1]]
  ↳ app/views/pays/index.html.erb:99
  [1m[36mCACHE Category Load (0.0ms)[0m  [1m[34mSELECT  "categories".* FROM "categories" WHERE "categories"."id" = ? LIMIT ?[0m  [["id", 18], ["LIMIT", 1]]
  ↳ app/views/pays/index.html.erb:97
  [1m[36mCACHE Family Load (0.0ms)[0m  [1m[34mSELECT  "families".* FROM "families" WHERE "families"."id" = ? LIMIT ?[0m  [["id", 3], ["LIMIT", 1]]
  ↳ app/views/pays/index.html.erb:99
  [1m[36mCategory Load (0.1ms)[0m  [1m[34mSELECT  "categories".* FROM "categories" WHERE "categories"."id" = ? LIMIT ?[0m  [["id", 23], ["LIMIT", 1]]
  ↳ app/views/pays/index.html.erb:97
  [1m[36mCACHE Family Load (0.0ms)[0m  [1m[34mSELECT  "families".* FROM "families" WHERE "families"."id" = ? LIMIT ?[0m  [["id", 1], ["LIMIT", 1]]
  ↳ app/views/pays/index.html.erb:99
  [1m[36mCategory Load (0.1ms)[0m  [1m[34mSELECT  "categories".* FROM "categories" WHERE "categories"."id" = ? LIMIT ?[0m  [["id", 25], ["LIMIT", 1]]
  ↳ app/views/pays/index.html.erb:97
  [1m[36mCACHE Family Load (0.0ms)[0m  [1m[34mSELECT  "families".* FROM "families" WHERE "families"."id" = ? LIMIT ?[0m  [["id", 3], ["LIMIT", 1]]
  ↳ app/views/pays/index.html.erb:99
  [1m[36mCategory Load (0.1ms)[0m  [1m[34mSELECT  "categories".* FROM "categories" WHERE "categories"."id" = ? LIMIT ?[0m  [["id", 27], ["LIMIT", 1]]
  ↳ app/views/pays/index.html.erb:97
  [1m[36mCACHE Family Load (0.0ms)[0m  [1m[34mSELECT  "families".* FROM "families" WHERE "families"."id" = ? LIMIT ?[0m  [["id", 1], ["LIMIT", 1]]
  ↳ app/views/pays/index.html.erb:99
  [1m[36mCACHE Category Load (0.0ms)[0m  [1m[34mSELECT  "categories".* FROM "categories" WHERE "categories"."id" = ? LIMIT ?[0m  [["id", 27], ["LIMIT", 1]]
  ↳ app/views/pays/index.html.erb:97
  [1m[36mFamily Load (0.1ms)[0m  [1m[34mSELECT  "families".* FROM "families" WHERE "families"."id" = ? LIMIT ?[0m  [["id", 2], ["LIMIT", 1]]
  ↳ app/views/pays/index.html.erb:99
  [1m[36mCACHE Category Load (0.0ms)[0m  [1m[34mSELECT  "categories".* FROM "categories" WHERE "categories"."id" = ? LIMIT ?[0m  [["id", 27], ["LIMIT", 1]]
  ↳ app/views/pays/index.html.erb:97
  [1m[36mCACHE Family Load (0.0ms)[0m  [1m[34mSELECT  "families".* FROM "families" WHERE "families"."id" = ? LIMIT ?[0m  [["id", 3], ["LIMIT", 1]]
  ↳ app/views/pays/index.html.erb:99
  [1m[36mCategory Load (0.1ms)[0m  [1m[34mSELECT  "categories".* FROM "categories" WHERE "categories"."id" = ? LIMIT ?[0m  [["id", 32], ["LIMIT", 1]]
  ↳ app/views/pays/index.html.erb:97
  [1m[36mCACHE Family Load (0.0ms)[0m  [1m[34mSELECT  "families".* FROM "families" WHERE "families"."id" = ? LIMIT ?[0m  [["id", 1], ["LIMIT", 1]]
  ↳ app/views/pays/index.html.erb:99
  [1m[36mCACHE Category Load (0.0ms)[0m  [1m[34mSELECT  "categories".* FROM "categories" WHERE "categories"."id" = ? LIMIT ?[0m  [["id", 18], ["LIMIT", 1]]
  ↳ app/views/pays/index.html.erb:97
  [1m[36mCACHE Family Load (0.0ms)[0m  [1m[34mSELECT  "families".* FROM "families" WHERE "families"."id" = ? LIMIT ?[0m  [["id", 1], ["LIMIT", 1]]
  ↳ app/views/pays/index.html.erb:99
  [1m[36mCACHE Category Load (0.0ms)[0m  [1m[34mSELECT  "categories".* FROM "categories" WHERE "categories"."id" = ? LIMIT ?[0m  [["id", 32], ["LIMIT", 1]]
  ↳ app/views/pays/index.html.erb:97
  [1m[36mCACHE Family Load (0.0ms)[0m  [1m[34mSELECT  "families".* FROM "families" WHERE "families"."id" = ? LIMIT ?[0m  [["id", 2], ["LIMIT", 1]]
  ↳ app/views/pays/index.html.erb:99
  [1m[36mCACHE Category Load (0.0ms)[0m  [1m[34mSELECT  "categories".* FROM "categories" WHERE "categories"."id" = ? LIMIT ?[0m  [["id", 32], ["LIMIT", 1]]
  ↳ app/views/pays/index.html.erb:97
  [1m[36mCACHE Family Load (0.0ms)[0m  [1m[34mSELECT  "families".* FROM "families" WHERE "families"."id" = ? LIMIT ?[0m  [["id", 3], ["LIMIT", 1]]
  ↳ app/views/pays/index.html.erb:99
  [1m[36mCACHE Category Load (0.0ms)[0m  [1m[34mSELECT  "categories".* FROM "categories" WHERE "categories"."id" = ? LIMIT ?[0m  [["id", 32], ["LIMIT", 1]]
  ↳ app/views/pays/index.html.erb:97
  [1m[36mCACHE Family Load (0.0ms)[0m  [1m[34mSELECT  "families".* FROM "families" WHERE "families"."id" = ? LIMIT ?[0m  [["id", 1], ["LIMIT", 1]]
  ↳ app/views/pays/index.html.erb:99
  [1m[36mCategory Load (0.1ms)[0m  [1m[34mSELECT  "categories".* FROM "categories" WHERE "categories"."id" = ? LIMIT ?[0m  [["id", 34], ["LIMIT", 1]]
  ↳ app/views/pays/index.html.erb:97
  [1m[36mCACHE Family Load (0.0ms)[0m  [1m[34mSELECT  "families".* FROM "families" WHERE "families"."id" = ? LIMIT ?[0m  [["id", 3], ["LIMIT", 1]]
  ↳ app/views/pays/index.html.erb:99
  [1m[36mCACHE Category Load (0.0ms)[0m  [1m[34mSELECT  "categories".* FROM "categories" WHERE "categories"."id" = ? LIMIT ?[0m  [["id", 32], ["LIMIT", 1]]
  ↳ app/views/pays/index.html.erb:97
  [1m[36mCACHE Family Load (0.0ms)[0m  [1m[34mSELECT  "families".* FROM "families" WHERE "families"."id" = ? LIMIT ?[0m  [["id", 2], ["LIMIT", 1]]
  ↳ app/views/pays/index.html.erb:99
  [1m[36mCategory Load (0.1ms)[0m  [1m[34mSELECT  "categories".* FROM "categories" WHERE "categories"."id" = ? LIMIT ?[0m  [["id", 39], ["LIMIT", 1]]
  ↳ app/views/pays/index.html.erb:97
  [1m[36mCACHE Family Load (0.0ms)[0m  [1m[34mSELECT  "families".* FROM "families" WHERE "families"."id" = ? LIMIT ?[0m  [["id", 1], ["LIMIT", 1]]
  ↳ app/views/pays/index.html.erb:99
  [1m[36mCategory Load (0.1ms)[0m  [1m[34mSELECT  "categories".* FROM "categories" WHERE "categories"."id" = ? LIMIT ?[0m  [["id", 47], ["LIMIT", 1]]
  ↳ app/views/pays/index.html.erb:97
  [1m[36mCACHE Family Load (0.0ms)[0m  [1m[34mSELECT  "families".* FROM "families" WHERE "families"."id" = ? LIMIT ?[0m  [["id", 3], ["LIMIT", 1]]
  ↳ app/views/pays/index.html.erb:99
  [1m[36mCategory Load (0.1ms)[0m  [1m[34mSELECT  "categories".* FROM "categories" WHERE "categories"."id" = ? LIMIT ?[0m  [["id", 53], ["LIMIT", 1]]
  ↳ app/views/pays/index.html.erb:97
  [1m[36mCACHE Family Load (0.0ms)[0m  [1m[34mSELECT  "families".* FROM "families" WHERE "families"."id" = ? LIMIT ?[0m  [["id", 1], ["LIMIT", 1]]
  ↳ app/views/pays/index.html.erb:99
  [1m[36mCategory Load (0.1ms)[0m  [1m[34mSELECT  "categories".* FROM "categories" WHERE "categories"."id" = ? LIMIT ?[0m  [["id", 44], ["LIMIT", 1]]
  ↳ app/views/pays/index.html.erb:97
  [1m[36mCACHE Family Load (0.0ms)[0m  [1m[34mSELECT  "families".* FROM "families" WHERE "families"."id" = ? LIMIT ?[0m  [["id", 2], ["LIMIT", 1]]
  ↳ app/views/pays/index.html.erb:99
  [1m[36mCACHE Category Load (0.0ms)[0m  [1m[34mSELECT  "categories".* FROM "categories" WHERE "categories"."id" = ? LIMIT ?[0m  [["id", 53], ["LIMIT", 1]]
  ↳ app/views/pays/index.html.erb:97
  [1m[36mCACHE Family Load (0.0ms)[0m  [1m[34mSELECT  "families".* FROM "families" WHERE "families"."id" = ? LIMIT ?[0m  [["id", 3], ["LIMIT", 1]]
  ↳ app/views/pays/index.html.erb:99
  [1m[36mCACHE Category Load (0.0ms)[0m  [1m[34mSELECT  "categories".* FROM "categories" WHERE "categories"."id" = ? LIMIT ?[0m  [["id", 53], ["LIMIT", 1]]
  ↳ app/views/pays/index.html.erb:97
  [1m[36mCACHE Family Load (0.0ms)[0m  [1m[34mSELECT  "families".* FROM "families" WHERE "families"."id" = ? LIMIT ?[0m  [["id", 1], ["LIMIT", 1]]
  ↳ app/views/pays/index.html.erb:99
  [1m[36mCategory Load (0.1ms)[0m  [1m[34mSELECT  "categories".* FROM "categories" WHERE "categories"."id" = ? LIMIT ?[0m  [["id", 54], ["LIMIT", 1]]
  ↳ app/views/pays/index.html.erb:97
  [1m[36mCACHE Family Load (0.0ms)[0m  [1m[34mSELECT  "families".* FROM "families" WHERE "families"."id" = ? LIMIT ?[0m  [["id", 3], ["LIMIT", 1]]
  ↳ app/views/pays/index.html.erb:99
  [1m[36mCACHE Category Load (0.0ms)[0m  [1m[34mSELECT  "categories".* FROM "categories" WHERE "categories"."id" = ? LIMIT ?[0m  [["id", 53], ["LIMIT", 1]]
  ↳ app/views/pays/index.html.erb:97
  [1m[36mCACHE Family Load (0.0ms)[0m  [1m[34mSELECT  "families".* FROM "families" WHERE "families"."id" = ? LIMIT ?[0m  [["id", 2], ["LIMIT", 1]]
  ↳ app/views/pays/index.html.erb:99
  [1m[36mCACHE Category Load (0.0ms)[0m  [1m[34mSELECT  "categories".* FROM "categories" WHERE "categories"."id" = ? LIMIT ?[0m  [["id", 54], ["LIMIT", 1]]
  ↳ app/views/pays/index.html.erb:97
  [1m[36mCACHE Family Load (0.0ms)[0m  [1m[34mSELECT  "families".* FROM "families" WHERE "families"."id" = ? LIMIT ?[0m  [["id", 1], ["LIMIT", 1]]
  ↳ app/views/pays/index.html.erb:99
  [1m[36mCategory Load (0.1ms)[0m  [1m[34mSELECT  "categories".* FROM "categories" WHERE "categories"."id" = ? LIMIT ?[0m  [["id", 71], ["LIMIT", 1]]
  ↳ app/views/pays/index.html.erb:97
  [1m[36mCACHE Family Load (0.0ms)[0m  [1m[34mSELECT  "families".* FROM "families" WHERE "families"."id" = ? LIMIT ?[0m  [["id", 3], ["LIMIT", 1]]
  ↳ app/views/pays/index.html.erb:99
  [1m[36mCACHE Category Load (0.0ms)[0m  [1m[34mSELECT  "categories".* FROM "categories" WHERE "categories"."id" = ? LIMIT ?[0m  [["id", 71], ["LIMIT", 1]]
  ↳ app/views/pays/index.html.erb:97
  [1m[36mCACHE Family Load (0.0ms)[0m  [1m[34mSELECT  "families".* FROM "families" WHERE "families"."id" = ? LIMIT ?[0m  [["id", 1], ["LIMIT", 1]]
  ↳ app/views/pays/index.html.erb:99
  [1m[36mCACHE Category Load (0.0ms)[0m  [1m[34mSELECT  "categories".* FROM "categories" WHERE "categories"."id" = ? LIMIT ?[0m  [["id", 54], ["LIMIT", 1]]
  ↳ app/views/pays/index.html.erb:97
  [1m[36mCACHE Family Load (0.0ms)[0m  [1m[34mSELECT  "families".* FROM "families" WHERE "families"."id" = ? LIMIT ?[0m  [["id", 2], ["LIMIT", 1]]
  ↳ app/views/pays/index.html.erb:99
  [1m[36mCategory Load (0.1ms)[0m  [1m[34mSELECT  "categories".* FROM "categories" WHERE "categories"."id" = ? LIMIT ?[0m  [["id", 74], ["LIMIT", 1]]
  ↳ app/views/pays/index.html.erb:97
  [1m[36mCACHE Family Load (0.0ms)[0m  [1m[34mSELECT  "families".* FROM "families" WHERE "families"."id" = ? LIMIT ?[0m  [["id", 3], ["LIMIT", 1]]
  ↳ app/views/pays/index.html.erb:99
  [1m[36mCategory Load (0.1ms)[0m  [1m[34mSELECT  "categories".* FROM "categories" WHERE "categories"."id" = ? LIMIT ?[0m  [["id", 72], ["LIMIT", 1]]
  ↳ app/views/pays/index.html.erb:97
  [1m[36mCACHE Family Load (0.0ms)[0m  [1m[34mSELECT  "families".* FROM "families" WHERE "families"."id" = ? LIMIT ?[0m  [["id", 1], ["LIMIT", 1]]
  ↳ app/views/pays/index.html.erb:99
  [1m[36mCategory Load (0.1ms)[0m  [1m[34mSELECT  "categories".* FROM "categories" WHERE "categories"."id" = ? LIMIT ?[0m  [["id", 90], ["LIMIT", 1]]
  ↳ app/views/pays/index.html.erb:97
  [1m[36mCACHE Family Load (0.0ms)[0m  [1m[34mSELECT  "families".* FROM "families" WHERE "families"."id" = ? LIMIT ?[0m  [["id", 3], ["LIMIT", 1]]
  ↳ app/views/pays/index.html.erb:99
  [1m[36mCategory Load (0.1ms)[0m  [1m[34mSELECT  "categories".* FROM "categories" WHERE "categories"."id" = ? LIMIT ?[0m  [["id", 70], ["LIMIT", 1]]
  ↳ app/views/pays/index.html.erb:97
  [1m[36mCACHE Family Load (0.0ms)[0m  [1m[34mSELECT  "families".* FROM "families" WHERE "families"."id" = ? LIMIT ?[0m  [["id", 2], ["LIMIT", 1]]
  ↳ app/views/pays/index.html.erb:99
  [1m[36mCategory Load (0.1ms)[0m  [1m[34mSELECT  "categories".* FROM "categories" WHERE "categories"."id" = ? LIMIT ?[0m  [["id", 81], ["LIMIT", 1]]
  ↳ app/views/pays/index.html.erb:97
  [1m[36mCACHE Family Load (0.0ms)[0m  [1m[34mSELECT  "families".* FROM "families" WHERE "families"."id" = ? LIMIT ?[0m  [["id", 1], ["LIMIT", 1]]
  ↳ app/views/pays/index.html.erb:99
  [1m[36mCACHE Category Load (0.0ms)[0m  [1m[34mSELECT  "categories".* FROM "categories" WHERE "categories"."id" = ? LIMIT ?[0m  [["id", 18], ["LIMIT", 1]]
  ↳ app/views/pays/index.html.erb:97
  [1m[36mCACHE Family Load (0.0ms)[0m  [1m[34mSELECT  "families".* FROM "families" WHERE "families"."id" = ? LIMIT ?[0m  [["id", 2], ["LIMIT", 1]]
  ↳ app/views/pays/index.html.erb:99
  [1m[36mCACHE Category Load (0.0ms)[0m  [1m[34mSELECT  "categories".* FROM "categories" WHERE "categories"."id" = ? LIMIT ?[0m  [["id", 74], ["LIMIT", 1]]
  ↳ app/views/pays/index.html.erb:97
  [1m[36mCACHE Family Load (0.0ms)[0m  [1m[34mSELECT  "families".* FROM "families" WHERE "families"."id" = ? LIMIT ?[0m  [["id", 2], ["LIMIT", 1]]
  ↳ app/views/pays/index.html.erb:99
  [1m[36mCACHE Category Load (0.0ms)[0m  [1m[34mSELECT  "categories".* FROM "categories" WHERE "categories"."id" = ? LIMIT ?[0m  [["id", 23], ["LIMIT", 1]]
  ↳ app/views/pays/index.html.erb:97
  [1m[36mCACHE Family Load (0.0ms)[0m  [1m[34mSELECT  "families".* FROM "families" WHERE "families"."id" = ? LIMIT ?[0m  [["id", 2], ["LIMIT", 1]]
  ↳ app/views/pays/index.html.erb:99
  [1m[36mCACHE Category Load (0.0ms)[0m  [1m[34mSELECT  "categories".* FROM "categories" WHERE "categories"."id" = ? LIMIT ?[0m  [["id", 72], ["LIMIT", 1]]
  ↳ app/views/pays/index.html.erb:97
  [1m[36mCACHE Family Load (0.0ms)[0m  [1m[34mSELECT  "families".* FROM "families" WHERE "families"."id" = ? LIMIT ?[0m  [["id", 2], ["LIMIT", 1]]
  ↳ app/views/pays/index.html.erb:99
  [1m[36mCACHE Category Load (0.0ms)[0m  [1m[34mSELECT  "categories".* FROM "categories" WHERE "categories"."id" = ? LIMIT ?[0m  [["id", 18], ["LIMIT", 1]]
  ↳ app/views/pays/index.html.erb:97
  [1m[36mCACHE Family Load (0.0ms)[0m  [1m[34mSELECT  "families".* FROM "families" WHERE "families"."id" = ? LIMIT ?[0m  [["id", 2], ["LIMIT", 1]]
  ↳ app/views/pays/index.html.erb:99
  Rendered pays/index.html.erb within layouts/application (407.5ms)
  Rendered layouts/_header.html.erb (0.9ms)
  Rendered layouts/_button.html.erb (13.8ms)
  Rendered layouts/_footer.html.erb (0.8ms)
Completed 200 OK in 736ms (Views: 627.3ms | ActiveRecord: 12.4ms)


Started GET "/profile" for 213.18.72.47 at 2022-02-10 09:56:58 +0000
Cannot render console from 213.18.72.47! Allowed networks: 127.0.0.1, ::1, 127.0.0.0/127.255.255.255
Processing by HomesController#profile as HTML
  [1m[36mUser Load (0.2ms)[0m  [1m[34mSELECT  "users".* FROM "users" WHERE "users"."id" = ? ORDER BY "users"."id" ASC LIMIT ?[0m  [["id", 1], ["LIMIT", 1]]
  ↳ /home/ec2-user/.rvm/gems/ruby-2.6.3/gems/activerecord-5.2.6/lib/active_record/log_subscriber.rb:98
  [1m[35m (0.2ms)[0m  [1m[34mSELECT SUM("pays"."price") FROM "pays" WHERE "pays"."user_id" = ?[0m  [["user_id", 1]]
  ↳ app/controllers/homes_controller.rb:10
  [1m[35m (0.2ms)[0m  [1m[34mSELECT SUM("pays"."price") AS sum_price, "pays"."category_id" AS pays_category_id FROM "pays" WHERE "pays"."user_id" = ? AND "pays"."date" BETWEEN ? AND ? GROUP BY "pays"."category_id"[0m  [["user_id", 1], ["date", "2022-02-01"], ["date", "2022-02-28"]]
  ↳ app/controllers/homes_controller.rb:12
  [1m[36mCategory Load (0.1ms)[0m  [1m[34mSELECT  "categories".* FROM "categories" WHERE "categories"."id" = ? LIMIT ?[0m  [["id", 81], ["LIMIT", 1]]
  ↳ app/controllers/homes_controller.rb:16
  [1m[36mCategory Load (0.1ms)[0m  [1m[34mSELECT  "categories".* FROM "categories" WHERE "categories"."id" = ? LIMIT ?[0m  [["id", 18], ["LIMIT", 1]]
  ↳ app/controllers/homes_controller.rb:16
  [1m[36mCategory Load (0.1ms)[0m  [1m[34mSELECT  "categories".* FROM "categories" WHERE "categories"."id" = ? LIMIT ?[0m  [["id", 53], ["LIMIT", 1]]
  ↳ app/controllers/homes_controller.rb:16
  [1m[36mCategory Load (0.1ms)[0m  [1m[34mSELECT  "categories".* FROM "categories" WHERE "categories"."id" = ? LIMIT ?[0m  [["id", 74], ["LIMIT", 1]]
  ↳ app/controllers/homes_controller.rb:16
  [1m[36mCategory Load (0.1ms)[0m  [1m[34mSELECT  "categories".* FROM "categories" WHERE "categories"."id" = ? LIMIT ?[0m  [["id", 44], ["LIMIT", 1]]
  ↳ app/controllers/homes_controller.rb:16
  [1m[36mCategory Load (0.1ms)[0m  [1m[34mSELECT  "categories".* FROM "categories" WHERE "categories"."id" = ? LIMIT ?[0m  [["id", 90], ["LIMIT", 1]]
  ↳ app/controllers/homes_controller.rb:16
  [1m[36mCategory Load (0.1ms)[0m  [1m[34mSELECT  "categories".* FROM "categories" WHERE "categories"."id" = ? LIMIT ?[0m  [["id", 72], ["LIMIT", 1]]
  ↳ app/controllers/homes_controller.rb:16
  [1m[36mCategory Load (0.1ms)[0m  [1m[34mSELECT  "categories".* FROM "categories" WHERE "categories"."id" = ? LIMIT ?[0m  [["id", 54], ["LIMIT", 1]]
  ↳ app/controllers/homes_controller.rb:16
  [1m[36mCategory Load (0.1ms)[0m  [1m[34mSELECT  "categories".* FROM "categories" WHERE "categories"."id" = ? LIMIT ?[0m  [["id", 47], ["LIMIT", 1]]
  ↳ app/controllers/homes_controller.rb:16
  [1m[36mCategory Load (0.1ms)[0m  [1m[34mSELECT  "categories".* FROM "categories" WHERE "categories"."id" = ? LIMIT ?[0m  [["id", 71], ["LIMIT", 1]]
  ↳ app/controllers/homes_controller.rb:16
  [1m[36mCategory Load (0.1ms)[0m  [1m[34mSELECT  "categories".* FROM "categories" WHERE "categories"."id" = ? LIMIT ?[0m  [["id", 25], ["LIMIT", 1]]
  ↳ app/controllers/homes_controller.rb:16
  [1m[36mCategory Load (0.1ms)[0m  [1m[34mSELECT  "categories".* FROM "categories" WHERE "categories"."id" = ? LIMIT ?[0m  [["id", 70], ["LIMIT", 1]]
  ↳ app/controllers/homes_controller.rb:16
  [1m[36mCategory Load (0.1ms)[0m  [1m[34mSELECT  "categories".* FROM "categories" WHERE "categories"."id" = ? LIMIT ?[0m  [["id", 39], ["LIMIT", 1]]
  ↳ app/controllers/homes_controller.rb:16
  [1m[36mCategory Load (0.1ms)[0m  [1m[34mSELECT  "categories".* FROM "categories" WHERE "categories"."id" = ? LIMIT ?[0m  [["id", 27], ["LIMIT", 1]]
  ↳ app/controllers/homes_controller.rb:16
  [1m[36mCategory Load (0.1ms)[0m  [1m[34mSELECT  "categories".* FROM "categories" WHERE "categories"."id" = ? LIMIT ?[0m  [["id", 32], ["LIMIT", 1]]
  ↳ app/controllers/homes_controller.rb:16
  [1m[36mCategory Load (0.1ms)[0m  [1m[34mSELECT  "categories".* FROM "categories" WHERE "categories"."id" = ? LIMIT ?[0m  [["id", 34], ["LIMIT", 1]]
  ↳ app/controllers/homes_controller.rb:16
  [1m[36mCategory Load (0.1ms)[0m  [1m[34mSELECT  "categories".* FROM "categories" WHERE "categories"."id" = ? LIMIT ?[0m  [["id", 23], ["LIMIT", 1]]
  ↳ app/controllers/homes_controller.rb:16
  [1m[35m (0.2ms)[0m  [1m[34mSELECT SUM("pays"."price") FROM "pays" WHERE "pays"."user_id" = ? AND "pays"."date" BETWEEN ? AND ?[0m  [["user_id", 1], ["date", "2022-02-01"], ["date", "2022-02-28"]]
  ↳ app/controllers/homes_controller.rb:20
  [1m[35m (0.1ms)[0m  [1m[34mSELECT SUM("budgets"."price") FROM "budgets" WHERE "budgets"."user_id" = ?[0m  [["user_id", 1]]
  ↳ app/controllers/homes_controller.rb:24
  [1m[35m (0.1ms)[0m  [1m[34mSELECT SUM("incomes"."price") FROM "incomes" WHERE "incomes"."user_id" = ?[0m  [["user_id", 1]]
  ↳ app/controllers/homes_controller.rb:36
  [1m[35m (0.1ms)[0m  [1m[34mSELECT SUM("incomes"."price") FROM "incomes" WHERE "incomes"."user_id" = ? AND "incomes"."date" BETWEEN ? AND ?[0m  [["user_id", 1], ["date", "2022-02-01"], ["date", "2022-02-28"]]
  ↳ app/controllers/homes_controller.rb:38
  [1m[36mDeposit Load (0.1ms)[0m  [1m[34mSELECT  "deposits".* FROM "deposits" WHERE "deposits"."user_id" = ? LIMIT ?[0m  [["user_id", 1], ["LIMIT", 1]]
  ↳ app/controllers/homes_controller.rb:41
  Rendering homes/profile.html.erb within layouts/application
  [1m[36mBudget Exists (0.1ms)[0m  [1m[34mSELECT  1 AS one FROM "budgets" WHERE "budgets"."user_id" = ? LIMIT ?[0m  [["user_id", 1], ["LIMIT", 1]]
  ↳ app/views/homes/profile.html.erb:24
  [1m[36mCACHE Budget Exists (0.0ms)[0m  [1m[34mSELECT  1 AS one FROM "budgets" WHERE "budgets"."user_id" = ? LIMIT ?[0m  [["user_id", 1], ["LIMIT", 1]]
  ↳ app/views/homes/profile.html.erb:63
  Rendered homes/profile.html.erb within layouts/application (6.6ms)
  Rendered layouts/_header.html.erb (1.0ms)
  Rendered layouts/_button.html.erb (1.0ms)
  Rendered layouts/_footer.html.erb (2.3ms)
Completed 200 OK in 167ms (Views: 133.1ms | ActiveRecord: 2.6ms)


Started GET "/" for 213.18.72.47 at 2022-02-10 09:57:02 +0000
Cannot render console from 213.18.72.47! Allowed networks: 127.0.0.1, ::1, 127.0.0.0/127.255.255.255
Processing by HomesController#top as HTML
  Rendering homes/top.html.erb within layouts/application
  Rendered homes/top.html.erb within layouts/application (6.4ms)
  [1m[36mUser Load (0.1ms)[0m  [1m[34mSELECT  "users".* FROM "users" WHERE "users"."id" = ? ORDER BY "users"."id" ASC LIMIT ?[0m  [["id", 1], ["LIMIT", 1]]
  ↳ app/views/layouts/_header.html.erb:10
  Rendered layouts/_header.html.erb (8.2ms)
  Rendered layouts/_button.html.erb (1.1ms)
  Rendered layouts/_footer.html.erb (0.7ms)
Completed 200 OK in 127ms (Views: 122.4ms | ActiveRecord: 0.1ms)


2022-02-10 10:04:58 +0000: HTTP parse error, malformed request (): #<Puma::HttpParserError: Invalid HTTP format, parsing fails.>
---
Started GET "/profile" for 213.18.72.47 at 2022-02-10 10:05:04 +0000
Cannot render console from 213.18.72.47! Allowed networks: 127.0.0.1, ::1, 127.0.0.0/127.255.255.255
Processing by HomesController#profile as HTML
  [1m[36mUser Load (0.1ms)[0m  [1m[34mSELECT  "users".* FROM "users" WHERE "users"."id" = ? ORDER BY "users"."id" ASC LIMIT ?[0m  [["id", 1], ["LIMIT", 1]]
  ↳ /home/ec2-user/.rvm/gems/ruby-2.6.3/gems/activerecord-5.2.6/lib/active_record/log_subscriber.rb:98
  [1m[35m (0.2ms)[0m  [1m[34mSELECT SUM("pays"."price") FROM "pays" WHERE "pays"."user_id" = ?[0m  [["user_id", 1]]
  ↳ app/controllers/homes_controller.rb:10
  [1m[35m (0.2ms)[0m  [1m[34mSELECT SUM("pays"."price") AS sum_price, "pays"."category_id" AS pays_category_id FROM "pays" WHERE "pays"."user_id" = ? AND "pays"."date" BETWEEN ? AND ? GROUP BY "pays"."category_id"[0m  [["user_id", 1], ["date", "2022-02-01"], ["date", "2022-02-28"]]
  ↳ app/controllers/homes_controller.rb:12
  [1m[36mCategory Load (5.2ms)[0m  [1m[34mSELECT  "categories".* FROM "categories" WHERE "categories"."id" = ? LIMIT ?[0m  [["id", 81], ["LIMIT", 1]]
  ↳ app/controllers/homes_controller.rb:16
  [1m[36mCategory Load (0.1ms)[0m  [1m[34mSELECT  "categories".* FROM "categories" WHERE "categories"."id" = ? LIMIT ?[0m  [["id", 18], ["LIMIT", 1]]
  ↳ app/controllers/homes_controller.rb:16
  [1m[36mCategory Load (0.1ms)[0m  [1m[34mSELECT  "categories".* FROM "categories" WHERE "categories"."id" = ? LIMIT ?[0m  [["id", 53], ["LIMIT", 1]]
  ↳ app/controllers/homes_controller.rb:16
  [1m[36mCategory Load (0.1ms)[0m  [1m[34mSELECT  "categories".* FROM "categories" WHERE "categories"."id" = ? LIMIT ?[0m  [["id", 74], ["LIMIT", 1]]
  ↳ app/controllers/homes_controller.rb:16
  [1m[36mCategory Load (0.1ms)[0m  [1m[34mSELECT  "categories".* FROM "categories" WHERE "categories"."id" = ? LIMIT ?[0m  [["id", 44], ["LIMIT", 1]]
  ↳ app/controllers/homes_controller.rb:16
  [1m[36mCategory Load (0.1ms)[0m  [1m[34mSELECT  "categories".* FROM "categories" WHERE "categories"."id" = ? LIMIT ?[0m  [["id", 90], ["LIMIT", 1]]
  ↳ app/controllers/homes_controller.rb:16
  [1m[36mCategory Load (0.1ms)[0m  [1m[34mSELECT  "categories".* FROM "categories" WHERE "categories"."id" = ? LIMIT ?[0m  [["id", 72], ["LIMIT", 1]]
  ↳ app/controllers/homes_controller.rb:16
  [1m[36mCategory Load (0.1ms)[0m  [1m[34mSELECT  "categories".* FROM "categories" WHERE "categories"."id" = ? LIMIT ?[0m  [["id", 54], ["LIMIT", 1]]
  ↳ app/controllers/homes_controller.rb:16
  [1m[36mCategory Load (0.1ms)[0m  [1m[34mSELECT  "categories".* FROM "categories" WHERE "categories"."id" = ? LIMIT ?[0m  [["id", 47], ["LIMIT", 1]]
  ↳ app/controllers/homes_controller.rb:16
  [1m[36mCategory Load (0.1ms)[0m  [1m[34mSELECT  "categories".* FROM "categories" WHERE "categories"."id" = ? LIMIT ?[0m  [["id", 71], ["LIMIT", 1]]
  ↳ app/controllers/homes_controller.rb:16
  [1m[36mCategory Load (0.1ms)[0m  [1m[34mSELECT  "categories".* FROM "categories" WHERE "categories"."id" = ? LIMIT ?[0m  [["id", 25], ["LIMIT", 1]]
  ↳ app/controllers/homes_controller.rb:16
  [1m[36mCategory Load (0.1ms)[0m  [1m[34mSELECT  "categories".* FROM "categories" WHERE "categories"."id" = ? LIMIT ?[0m  [["id", 70], ["LIMIT", 1]]
  ↳ app/controllers/homes_controller.rb:16
  [1m[36mCategory Load (0.1ms)[0m  [1m[34mSELECT  "categories".* FROM "categories" WHERE "categories"."id" = ? LIMIT ?[0m  [["id", 39], ["LIMIT", 1]]
  ↳ app/controllers/homes_controller.rb:16
  [1m[36mCategory Load (0.1ms)[0m  [1m[34mSELECT  "categories".* FROM "categories" WHERE "categories"."id" = ? LIMIT ?[0m  [["id", 27], ["LIMIT", 1]]
  ↳ app/controllers/homes_controller.rb:16
  [1m[36mCategory Load (0.1ms)[0m  [1m[34mSELECT  "categories".* FROM "categories" WHERE "categories"."id" = ? LIMIT ?[0m  [["id", 32], ["LIMIT", 1]]
  ↳ app/controllers/homes_controller.rb:16
  [1m[36mCategory Load (0.1ms)[0m  [1m[34mSELECT  "categories".* FROM "categories" WHERE "categories"."id" = ? LIMIT ?[0m  [["id", 34], ["LIMIT", 1]]
  ↳ app/controllers/homes_controller.rb:16
  [1m[36mCategory Load (0.1ms)[0m  [1m[34mSELECT  "categories".* FROM "categories" WHERE "categories"."id" = ? LIMIT ?[0m  [["id", 23], ["LIMIT", 1]]
  ↳ app/controllers/homes_controller.rb:16
  [1m[35m (6.3ms)[0m  [1m[34mSELECT SUM("pays"."price") FROM "pays" WHERE "pays"."user_id" = ? AND "pays"."date" BETWEEN ? AND ?[0m  [["user_id", 1], ["date", "2022-02-01"], ["date", "2022-02-28"]]
  ↳ app/controllers/homes_controller.rb:20
  [1m[35m (0.1ms)[0m  [1m[34mSELECT SUM("budgets"."price") FROM "budgets" WHERE "budgets"."user_id" = ?[0m  [["user_id", 1]]
  ↳ app/controllers/homes_controller.rb:24
  [1m[35m (1.8ms)[0m  [1m[34mSELECT SUM("incomes"."price") FROM "incomes" WHERE "incomes"."user_id" = ?[0m  [["user_id", 1]]
  ↳ app/controllers/homes_controller.rb:36
  [1m[35m (0.1ms)[0m  [1m[34mSELECT SUM("incomes"."price") FROM "incomes" WHERE "incomes"."user_id" = ? AND "incomes"."date" BETWEEN ? AND ?[0m  [["user_id", 1], ["date", "2022-02-01"], ["date", "2022-02-28"]]
  ↳ app/controllers/homes_controller.rb:38
  [1m[36mDeposit Load (0.1ms)[0m  [1m[34mSELECT  "deposits".* FROM "deposits" WHERE "deposits"."user_id" = ? LIMIT ?[0m  [["user_id", 1], ["LIMIT", 1]]
  ↳ app/controllers/homes_controller.rb:41
  Rendering homes/profile.html.erb within layouts/application
  [1m[36mBudget Exists (0.1ms)[0m  [1m[34mSELECT  1 AS one FROM "budgets" WHERE "budgets"."user_id" = ? LIMIT ?[0m  [["user_id", 1], ["LIMIT", 1]]
  ↳ app/views/homes/profile.html.erb:24
  [1m[36mCACHE Budget Exists (0.0ms)[0m  [1m[34mSELECT  1 AS one FROM "budgets" WHERE "budgets"."user_id" = ? LIMIT ?[0m  [["user_id", 1], ["LIMIT", 1]]
  ↳ app/views/homes/profile.html.erb:63
  Rendered homes/profile.html.erb within layouts/application (16.0ms)
  Rendered layouts/_header.html.erb (1.4ms)
  Rendered layouts/_button.html.erb (1.7ms)
  Rendered layouts/_footer.html.erb (1.1ms)
Completed 200 OK in 267ms (Views: 210.8ms | ActiveRecord: 15.5ms)


Started GET "/" for 126.95.213.36 at 2022-02-10 10:07:34 +0000
Cannot render console from 126.95.213.36! Allowed networks: 127.0.0.1, ::1, 127.0.0.0/127.255.255.255
Processing by HomesController#top as HTML
  Rendering homes/top.html.erb within layouts/application
  Rendered homes/top.html.erb within layouts/application (8.5ms)
  Rendered layouts/_header.html.erb (9.2ms)
  Rendered layouts/_button.html.erb (0.5ms)
  Rendered layouts/_footer.html.erb (0.6ms)
Completed 200 OK in 207ms (Views: 201.9ms | ActiveRecord: 0.0ms)


Started GET "/" for 213.18.72.47 at 2022-02-10 10:07:59 +0000
Cannot render console from 213.18.72.47! Allowed networks: 127.0.0.1, ::1, 127.0.0.0/127.255.255.255
Processing by HomesController#top as HTML
  Rendering homes/top.html.erb within layouts/application
  Rendered homes/top.html.erb within layouts/application (2.0ms)
  [1m[36mUser Load (0.2ms)[0m  [1m[34mSELECT  "users".* FROM "users" WHERE "users"."id" = ? ORDER BY "users"."id" ASC LIMIT ?[0m  [["id", 1], ["LIMIT", 1]]
  ↳ app/views/layouts/_header.html.erb:10
  Rendered layouts/_header.html.erb (6.3ms)
  Rendered layouts/_button.html.erb (4.1ms)
  Rendered layouts/_footer.html.erb (2.1ms)
Completed 200 OK in 180ms (Views: 178.5ms | ActiveRecord: 0.2ms)


- Gracefully stopping, waiting for requests to finish
=== puma shutdown: 2022-02-10 10:20:35 +0000 ===
- Goodbye!
Exiting
=> Booting Puma
=> Rails 5.2.6 application starting in development 
=> Run `rails server -h` for more startup options
Puma starting in single mode...
* Version 3.12.6 (ruby 2.6.3-p62), codename: Llamas in Pajamas
* Min threads: 5, max threads: 5
* Environment: development
* Listening on tcp://0.0.0.0:8080
Use Ctrl-C to stop
- Gracefully stopping, waiting for requests to finish
=== puma shutdown: 2022-02-10 10:22:17 +0000 ===
- Goodbye!
Exiting
